{
  "RSpec": {
    "coverage": {
      "/Users/ben.smith.gordon/Desktop/bank_app/spec/account_spec.rb": [
        1,
        1,
        null,
        1,
        null,
        8,
        8,
        null,
        1,
        1,
        4,
        null,
        null,
        null,
        1,
        1,
        1,
        4,
        null,
        null,
        null,
        1,
        1,
        1,
        1,
        1,
        null,
        null,
        null,
        1,
        1,
        1,
        1,
        1,
        1,
        null,
        null,
        null,
        1,
        1,
        1,
        1,
        1,
        null,
        null,
        1,
        1,
        1,
        1,
        1,
        null,
        null,
        null,
        1,
        1,
        2,
        null,
        null,
        null
      ],
      "/Users/ben.smith.gordon/Desktop/bank_app/lib/account.rb": [
        1,
        1,
        null,
        1,
        1,
        null,
        1,
        7,
        7,
        7,
        null,
        null,
        1,
        6,
        6,
        null,
        null,
        1,
        3,
        2,
        2,
        null,
        null,
        1,
        1,
        null,
        null,
        1,
        1,
        null,
        null
      ],
      "/Users/ben.smith.gordon/Desktop/bank_app/lib/transactions.rb": [
        1,
        1,
        null,
        1,
        10,
        10,
        10,
        10,
        null,
        null
      ],
      "/Users/ben.smith.gordon/Desktop/bank_app/lib/printer.rb": [
        1,
        1,
        null,
        1,
        2,
        null,
        null,
        1,
        2,
        null,
        null,
        1,
        null,
        1,
        2,
        3,
        null,
        null,
        null,
        1,
        2,
        null,
        null
      ],
      "/Users/ben.smith.gordon/Desktop/bank_app/spec/printer_spec.rb": [
        1,
        1,
        null,
        1,
        null,
        2,
        null,
        1,
        1,
        1,
        1,
        null,
        null,
        null,
        1,
        1,
        1,
        1,
        1,
        null,
        null,
        null
      ]
    },
    "timestamp": 1547319053
  }
}
