{
  "RSpec": {
    "coverage": {
      "/Users/ben.smith.gordon/Projects/bank_app/spec/account_spec.rb": [
        1,
        null,
        1,
        null,
        null,
        1,
        1,
        4,
        null,
        null,
        null,
        1,
        1,
        1,
        4,
        null,
        null,
        null,
        1,
        1,
        1,
        1,
        1,
        null,
        null,
        1,
        1,
        1,
        1,
        1,
        null,
        null,
        null,
        1,
        1,
        2,
        null,
        null,
        null,
        1,
        1,
        1,
        1,
        null,
        null,
        null
      ],
      "/Users/ben.smith.gordon/Projects/bank_app/lib/account.rb": [
        1,
        null,
        1,
        1,
        null,
        1,
        6,
        6,
        null,
        null,
        1,
        5,
        5,
        null,
        null,
        1,
        3,
        2,
        2,
        null,
        null,
        1,
        1,
        null,
        null,
        1,
        0,
        0,
        0,
        null,
        null,
        null
      ],
      "/Users/ben.smith.gordon/Projects/bank_app/lib/transactions.rb": [
        1,
        1,
        null,
        1,
        7,
        7,
        7,
        7,
        null,
        null
      ]
    },
    "timestamp": 1546271265
  }
}
